Proxy ready and listening...
Started Request
GET http://www.tcdmoodle.ie/ HTTP/1.1
Checking cached/www.tcdmoodle.ie/
cached/www.tcdmoodle.ie/ Not Found in cache.
Started Request
GET http://tcd.ie/ HTTP/1.1
Checking cached/tcd.ie/index
Found itcached/tcd.ie/index
Returning cached data
Exiting Request
Started Request
GET http://www.tcd.ie/ HTTP/1.1
Checking cached/www.tcd.ie/index
Found itcached/www.tcd.ie/index
Returning cached data
Exiting Request
Started Request
GET http://www.google-analytics.com/ga.js HTTP/1.1
Checking cached/www.google-analytics.com/ga.js
cached/www.google-analytics.com/ga.js Not Found in cache.
Started Request
GET http://www.tcd.ie/assets/images/side/news/2011-03-08-my-mind.jpg HTTP/1.1
Started Request
GET http://www.tcd.ie/img/bottomTrim.gif HTTP/1.1
Checking cached/www.tcd.ie/assets/images/side/news/2011-03-08-my-mind.jpg
Found itcached/www.tcd.ie/assets/images/side/news/2011-03-08-my-mind.jpg
Returning cached data
Exiting Request
Checking cached/www.tcd.ie/img/bottomTrim.gif
Found itcached/www.tcd.ie/img/bottomTrim.gif
Returning cached data
Exiting Request
Started Request
GET http://www.tcd.ie/students/ HTTP/1.1
Checking cached/www.tcd.ie/students/
cached/www.tcd.ie/students/ Not Found in cache.
Cached www.tcd.ie/students/
Cached www.tcd.ie/students/
Cached www.tcd.ie/students/
Cached www.tcd.ie/students/
Cached www.tcd.ie/students/
Cached www.tcd.ie/students/
Cached www.tcd.ie/students/
Cached www.tcd.ie/students/
Cached www.tcd.ie/students/
Cached www.tcd.ie/students/
Cached www.tcd.ie/students/
Cached www.tcd.ie/students/
Cached www.tcd.ie/students/
Cached www.tcd.ie/students/
Cached www.tcd.ie/students/
Cached www.tcd.ie/students/
Cached www.tcd.ie/students/
Cached www.tcd.ie/students/
Cached www.tcd.ie/students/
Cached www.tcd.ie/students/
Cached www.tcd.ie/students/
Cached www.tcd.ie/students/
Cached www.tcd.ie/students/
Started Request
GET http://www.tcd.ie/tms/t/shp-2/styles-shp-2.css HTTP/1.1
Checking cached/www.tcd.ie/tms/t/shp-2/styles-shp-2.css
cached/www.tcd.ie/tms/t/shp-2/styles-shp-2.css Not Found in cache.
Started Request
GET http://www.tcd.ie/tms/t/shp-2/scripts/jquery-ui-1.7.2.custom.min.js HTTP/1.1
Started Request
GET http://www.tcd.ie/tms/t/shp-2/actions.js HTTP/1.1
Cached www.tcd.ie/students/
Checking cached/www.tcd.ie/tms/t/shp-2/scripts/jquery-ui-1.7.2.custom.min.js
cached/www.tcd.ie/tms/t/shp-2/scripts/jquery-ui-1.7.2.custom.min.js Not Found in cache.
Checking cached/www.tcd.ie/tms/t/shp-2/actions.js
cached/www.tcd.ie/tms/t/shp-2/actions.js Not Found in cache.
Cached www.tcd.ie/tms/t/shp-2/styles-shp-2.css
Cached www.tcd.ie/tms/t/shp-2/styles-shp-2.css
Cached www.tcd.ie/tms/t/shp-2/styles-shp-2.css
Cached www.tcd.ie/tms/t/shp-2/styles-shp-2.css
Cached www.tcd.ie/tms/t/shp-2/styles-shp-2.css
Cached www.tcd.ie/tms/t/shp-2/styles-shp-2.css
Cached www.tcd.ie/tms/t/shp-2/styles-shp-2.css
Cached www.tcd.ie/tms/t/shp-2/styles-shp-2.css
Cached www.tcd.ie/tms/t/shp-2/styles-shp-2.css
Cached www.tcd.ie/tms/t/shp-2/scripts/jquery-ui-1.7.2.custom.min.js
Cached www.tcd.ie/tms/t/shp-2/actions.js
Cached www.tcd.ie/tms/t/shp-2/actions.js
Cached www.tcd.ie/tms/t/shp-2/actions.js
Cached www.tcd.ie/tms/t/shp-2/actions.js
Cached www.tcd.ie/tms/t/shp-2/actions.js
Cached www.tcd.ie/tms/t/shp-2/actions.js
Cached www.tcd.ie/tms/t/shp-2/actions.js
Cached www.tcd.ie/tms/t/shp-2/actions.js
Cached www.tcd.ie/tms/t/shp-2/actions.js
Cached www.tcd.ie/tms/t/shp-2/actions.js
Cached www.tcd.ie/tms/t/shp-2/actions.js
Cached www.tcd.ie/tms/t/shp-2/actions.js
Cached www.tcd.ie/tms/t/shp-2/actions.js
Cached www.tcd.ie/tms/t/shp-2/actions.js
Cached www.tcd.ie/tms/t/shp-2/actions.js
Cached www.tcd.ie/tms/t/shp-2/actions.js
Cached www.tcd.ie/tms/t/shp-2/actions.js
Cached www.tcd.ie/tms/t/shp-2/actions.js
Cached www.tcd.ie/tms/t/shp-2/actions.js
Cached www.tcd.ie/tms/t/shp-2/actions.js
Cached www.tcd.ie/tms/t/shp-2/actions.js
Cached www.tcd.ie/tms/t/shp-2/actions.js
Cached www.tcd.ie/tms/t/shp-2/actions.js
Cached www.tcd.ie/tms/t/shp-2/actions.js
Cached www.tcd.ie/tms/t/shp-2/actions.js
Cached www.tcd.ie/tms/t/shp-2/actions.js
Cached www.tcd.ie/tms/t/shp-2/actions.js
Cached www.tcd.ie/tms/t/shp-2/actions.js
Cached www.tcd.ie/tms/t/shp-2/scripts/jquery-ui-1.7.2.custom.min.js
Cached www.tcd.ie/tms/t/shp-2/scripts/jquery-ui-1.7.2.custom.min.js
Cached www.tcd.ie/tms/t/shp-2/scripts/jquery-ui-1.7.2.custom.min.js
Cached www.tcd.ie/tms/t/shp-2/scripts/jquery-ui-1.7.2.custom.min.js
Cached www.tcd.ie/tms/t/shp-2/scripts/jquery-ui-1.7.2.custom.min.js
Cached www.tcd.ie/tms/t/shp-2/scripts/jquery-ui-1.7.2.custom.min.js
Cached www.tcd.ie/tms/t/shp-2/scripts/jquery-ui-1.7.2.custom.min.js
Cached www.tcd.ie/tms/t/shp-2/scripts/jquery-ui-1.7.2.custom.min.js
Cached www.tcd.ie/tms/t/shp-2/scripts/jquery-ui-1.7.2.custom.min.js
Cached www.tcd.ie/tms/t/shp-2/scripts/jquery-ui-1.7.2.custom.min.js
Cached www.tcd.ie/tms/t/shp-2/scripts/jquery-ui-1.7.2.custom.min.js
Cached www.tcd.ie/tms/t/shp-2/scripts/jquery-ui-1.7.2.custom.min.js
Cached www.tcd.ie/tms/t/shp-2/scripts/jquery-ui-1.7.2.custom.min.js
Cached www.tcd.ie/tms/t/shp-2/scripts/jquery-ui-1.7.2.custom.min.js
Cached www.tcd.ie/tms/t/shp-2/scripts/jquery-ui-1.7.2.custom.min.js
Cached www.tcd.ie/tms/t/shp-2/scripts/jquery-ui-1.7.2.custom.min.js
Cached www.tcd.ie/tms/t/shp-2/scripts/jquery-ui-1.7.2.custom.min.js
Cached www.tcd.ie/tms/t/shp-2/scripts/jquery-ui-1.7.2.custom.min.js
Cached www.tcd.ie/tms/t/shp-2/scripts/jquery-ui-1.7.2.custom.min.js
Cached www.tcd.ie/tms/t/shp-2/scripts/jquery-ui-1.7.2.custom.min.js
Cached www.tcd.ie/tms/t/shp-2/scripts/jquery-ui-1.7.2.custom.min.js
Cached www.tcd.ie/tms/t/shp-2/scripts/jquery-ui-1.7.2.custom.min.js
Cached www.tcd.ie/tms/t/shp-2/scripts/jquery-ui-1.7.2.custom.min.js
Cached www.tcd.ie/tms/t/shp-2/scripts/jquery-ui-1.7.2.custom.min.js
Cached www.tcd.ie/tms/t/shp-2/scripts/jquery-ui-1.7.2.custom.min.js
Cached www.tcd.ie/tms/t/shp-2/scripts/jquery-ui-1.7.2.custom.min.js
Cached www.tcd.ie/tms/t/shp-2/scripts/jquery-ui-1.7.2.custom.min.js
Cached www.tcd.ie/tms/t/shp-2/scripts/jquery-ui-1.7.2.custom.min.js
Cached www.tcd.ie/tms/t/shp-2/scripts/jquery-ui-1.7.2.custom.min.js
Cached www.tcd.ie/tms/t/shp-2/scripts/jquery-ui-1.7.2.custom.min.js
Cached www.tcd.ie/tms/t/shp-2/scripts/jquery-ui-1.7.2.custom.min.js
Cached www.tcd.ie/tms/t/shp-2/scripts/jquery-ui-1.7.2.custom.min.js
Cached www.tcd.ie/tms/t/shp-2/scripts/jquery-ui-1.7.2.custom.min.js
Cached www.tcd.ie/tms/t/shp-2/scripts/jquery-ui-1.7.2.custom.min.js
Cached www.tcd.ie/tms/t/shp-2/scripts/jquery-ui-1.7.2.custom.min.js
Cached www.tcd.ie/tms/t/shp-2/scripts/jquery-ui-1.7.2.custom.min.js
Cached www.tcd.ie/tms/t/shp-2/scripts/jquery-ui-1.7.2.custom.min.js
Cached www.tcd.ie/tms/t/shp-2/scripts/jquery-ui-1.7.2.custom.min.js
Cached www.tcd.ie/tms/t/shp-2/scripts/jquery-ui-1.7.2.custom.min.js
Cached www.tcd.ie/tms/t/shp-2/scripts/jquery-ui-1.7.2.custom.min.js
Started Request
GET http://www.google-analytics.com/ga.js HTTP/1.1
Checking cached/www.google-analytics.com/ga.js
cached/www.google-analytics.com/ga.js Not Found in cache.
Cached www.tcd.ie/tms/t/shp-2/scripts/jquery-ui-1.7.2.custom.min.js
Cached www.tcd.ie/tms/t/shp-2/actions.js
Cached www.tcd.ie/students/
Cached www.tcd.ie/tms/t/shp-2/styles-shp-2.css
Cached www.tcd.ie/tms/t/shp-2/scripts/jquery-ui-1.7.2.custom.min.js
Started Request
GET http://www.tcd.ie/students/assets/img/myszone.jpg HTTP/1.1
Cached www.tcd.ie/tms/t/shp-2/scripts/jquery-ui-1.7.2.custom.min.js
Cached www.tcd.ie/tms/t/shp-2/scripts/jquery-ui-1.7.2.custom.min.js
Cached www.tcd.ie/students/
Started Request
POST http://toolbarqueries.clients.google.com/tbproxy/af/query HTTP/1.1
Cached www.tcd.ie/students/
Cached www.tcd.ie/tms/t/shp-2/actions.js
Cached www.tcd.ie/tms/t/shp-2/styles-shp-2.css
Cached www.tcd.ie/tms/t/shp-2/scripts/jquery-ui-1.7.2.custom.min.js
Cached www.tcd.ie/tms/t/shp-2/scripts/jquery-ui-1.7.2.custom.min.js
Started Request
GET http://www.tcd.ie/students/assets/img/login-portal.gif HTTP/1.1
Cached www.tcd.ie/tms/t/shp-2/scripts/jquery-ui-1.7.2.custom.min.js
Cached www.tcd.ie/tms/t/shp-2/scripts/jquery-ui-1.7.2.custom.min.js
Cached www.tcd.ie/tms/t/shp-2/scripts/jquery-ui-1.7.2.custom.min.js
Cached www.tcd.ie/tms/t/shp-2/scripts/jquery-ui-1.7.2.custom.min.js
Cached www.tcd.ie/students/
Cached www.tcd.ie/tms/t/shp-2/actions.js
Cached www.tcd.ie/tms/t/shp-2/styles-shp-2.css
Checking cached/www.tcd.ie/students/assets/img/myszone.jpg
cached/www.tcd.ie/students/assets/img/myszone.jpg Not Found in cache.
Cached www.tcd.ie/tms/t/shp-2/scripts/jquery-ui-1.7.2.custom.min.js
Cached www.tcd.ie/tms/t/shp-2/scripts/jquery-ui-1.7.2.custom.min.js
Cached www.tcd.ie/tms/t/shp-2/scripts/jquery-ui-1.7.2.custom.min.js
Cached www.tcd.ie/tms/t/shp-2/scripts/jquery-ui-1.7.2.custom.min.js
Cached www.tcd.ie/tms/t/shp-2/scripts/jquery-ui-1.7.2.custom.min.js
Cached www.tcd.ie/tms/t/shp-2/scripts/jquery-ui-1.7.2.custom.min.js
Cached www.tcd.ie/tms/t/shp-2/scripts/jquery-ui-1.7.2.custom.min.js
Cached www.tcd.ie/tms/t/shp-2/scripts/jquery-ui-1.7.2.custom.min.js
Cached www.tcd.ie/tms/t/shp-2/scripts/jquery-ui-1.7.2.custom.min.js
Cached www.tcd.ie/students/
Cached www.tcd.ie/students/
Checking cached/www.tcd.ie/students/assets/img/login-portal.gif
cached/www.tcd.ie/students/assets/img/login-portal.gif Not Found in cache.
Cached www.tcd.ie/tms/t/shp-2/actions.js
Cached www.tcd.ie/tms/t/shp-2/actions.js
Checking cached/toolbarqueries.clients.google.com/tbproxy/af/query
cached/toolbarqueries.clients.google.com/tbproxy/af/query Not Found in cache.
Cached www.tcd.ie/tms/t/shp-2/styles-shp-2.css
Cached www.tcd.ie/tms/t/shp-2/styles-shp-2.css
Cached www.tcd.ie/tms/t/shp-2/scripts/jquery-ui-1.7.2.custom.min.js
Cached www.tcd.ie/tms/t/shp-2/styles-shp-2.css
Cached www.tcd.ie/tms/t/shp-2/styles-shp-2.css
Cached www.tcd.ie/tms/t/shp-2/scripts/jquery-ui-1.7.2.custom.min.js
Cached www.tcd.ie/tms/t/shp-2/scripts/jquery-ui-1.7.2.custom.min.js
Cached www.tcd.ie/students/
Cached www.tcd.ie/tms/t/shp-2/actions.js
Cached www.tcd.ie/students/assets/img/myszone.jpg
Cached www.tcd.ie/students/assets/img/myszone.jpg
Cached www.tcd.ie/tms/t/shp-2/scripts/jquery-ui-1.7.2.custom.min.js
Cached www.tcd.ie/students/assets/img/myszone.jpg
Cached www.tcd.ie/tms/t/shp-2/scripts/jquery-ui-1.7.2.custom.min.js
Cached www.tcd.ie/students/assets/img/login-portal.gif
Cached www.tcd.ie/students/assets/img/login-portal.gif
Cached www.tcd.ie/students/
Cached www.tcd.ie/students/assets/img/myszone.jpg
Cached www.tcd.ie/students/assets/img/myszone.jpg
Cached www.tcd.ie/tms/t/shp-2/actions.js
Cached www.tcd.ie/students/assets/img/myszone.jpg
Cached www.tcd.ie/students/assets/img/myszone.jpg
Cached www.tcd.ie/students/assets/img/myszone.jpg
Cached www.tcd.ie/students/assets/img/myszone.jpg
Cached www.tcd.ie/tms/t/shp-2/scripts/jquery-ui-1.7.2.custom.min.js
Cached www.tcd.ie/students/assets/img/myszone.jpg
Cached www.tcd.ie/students/assets/img/myszone.jpg
Cached www.tcd.ie/students/assets/img/myszone.jpg
Cached www.tcd.ie/students/assets/img/myszone.jpg
Started Request
GET http://www.google.com/reader/api/0/unread-count?output=json HTTP/1.1
Checking cached/www.google.com/reader/api/0/unread-count?output=json
cached/www.google.com/reader/api/0/unread-count?output=json Not Found in cache.
Cached www.tcd.ie/tms/t/shp-2/styles-shp-2.css
Cached www.tcd.ie/tms/t/shp-2/styles-shp-2.css
Cached www.tcd.ie/tms/t/shp-2/styles-shp-2.css
Cached www.tcd.ie/tms/t/shp-2/styles-shp-2.css
Cached www.tcd.ie/tms/t/shp-2/styles-shp-2.css
Cached www.tcd.ie/tms/t/shp-2/styles-shp-2.css
Cached www.tcd.ie/tms/t/shp-2/styles-shp-2.css
Cached www.tcd.ie/tms/t/shp-2/styles-shp-2.css
Cached www.tcd.ie/tms/t/shp-2/styles-shp-2.css
Cached www.tcd.ie/tms/t/shp-2/styles-shp-2.css
Cached www.tcd.ie/tms/t/shp-2/styles-shp-2.css
Started Request
GET http://www.google-analytics.com/ga.js HTTP/1.1
Checking cached/www.google-analytics.com/ga.js
cached/www.google-analytics.com/ga.js Not Found in cache.
Cached www.tcd.ie/tms/t/shp-2/styles-shp-2.css
Cached www.tcd.ie/tms/t/shp-2/styles-shp-2.css
Cached www.tcd.ie/tms/t/shp-2/styles-shp-2.css
Cached www.tcd.ie/tms/t/shp-2/styles-shp-2.css
Cached www.tcd.ie/tms/t/shp-2/styles-shp-2.css
Cached www.tcd.ie/tms/t/shp-2/styles-shp-2.css
Cached www.tcd.ie/tms/t/shp-2/styles-shp-2.css
Cached www.tcd.ie/tms/t/shp-2/styles-shp-2.css
Cached www.tcd.ie/tms/t/shp-2/actions.js
Cached www.tcd.ie/students/
Cached www.tcd.ie/students/assets/img/myszone.jpg
Cached www.tcd.ie/students/assets/img/login-portal.gif
Cached www.tcd.ie/tms/t/shp-2/scripts/jquery-ui-1.7.2.custom.min.js
Cached www.tcd.ie/tms/t/shp-2/styles-shp-2.css
Cached www.tcd.ie/tms/t/shp-2/styles-shp-2.css
Cached www.tcd.ie/tms/t/shp-2/styles-shp-2.css
Cached www.tcd.ie/tms/t/shp-2/actions.js
Cached www.tcd.ie/tms/t/shp-2/actions.js
Cached www.tcd.ie/students/
Cached www.tcd.ie/students/
Cached www.tcd.ie/students/
Cached www.tcd.ie/tms/t/shp-2/scripts/jquery-ui-1.7.2.custom.min.js
Cached www.tcd.ie/students/assets/img/myszone.jpg
Cached www.tcd.ie/students/assets/img/myszone.jpg
Cached www.tcd.ie/students/assets/img/myszone.jpg
Cached www.tcd.ie/tms/t/shp-2/scripts/jquery-ui-1.7.2.custom.min.js
Cached www.tcd.ie/students/assets/img/login-portal.gif
Cached www.tcd.ie/students/assets/img/login-portal.gif
Cached www.tcd.ie/tms/t/shp-2/actions.js
Cached www.tcd.ie/students/
Cached www.tcd.ie/tms/t/shp-2/scripts/jquery-ui-1.7.2.custom.min.js
Cached www.tcd.ie/tms/t/shp-2/scripts/jquery-ui-1.7.2.custom.min.js
Cached www.tcd.ie/tms/t/shp-2/scripts/jquery-ui-1.7.2.custom.min.js
Cached www.tcd.ie/tms/t/shp-2/scripts/jquery-ui-1.7.2.custom.min.js
Cached www.tcd.ie/tms/t/shp-2/scripts/jquery-ui-1.7.2.custom.min.js
Cached www.tcd.ie/students/assets/img/myszone.jpg
Cached www.tcd.ie/students/assets/img/myszone.jpg
Cached www.tcd.ie/students/assets/img/myszone.jpg
Cached www.tcd.ie/students/assets/img/myszone.jpg
Cached www.tcd.ie/students/assets/img/myszone.jpg
Cached www.tcd.ie/students/assets/img/myszone.jpg
Cached www.tcd.ie/tms/t/shp-2/scripts/jquery-ui-1.7.2.custom.min.js
Cached www.tcd.ie/tms/t/shp-2/scripts/jquery-ui-1.7.2.custom.min.js
Cached www.tcd.ie/tms/t/shp-2/scripts/jquery-ui-1.7.2.custom.min.js
Cached www.tcd.ie/tms/t/shp-2/scripts/jquery-ui-1.7.2.custom.min.js
Cached www.tcd.ie/tms/t/shp-2/scripts/jquery-ui-1.7.2.custom.min.js
Cached www.tcd.ie/tms/t/shp-2/scripts/jquery-ui-1.7.2.custom.min.js
Cached www.tcd.ie/tms/t/shp-2/scripts/jquery-ui-1.7.2.custom.min.js
Cached www.tcd.ie/tms/t/shp-2/scripts/jquery-ui-1.7.2.custom.min.js
Cached www.tcd.ie/tms/t/shp-2/scripts/jquery-ui-1.7.2.custom.min.js
Cached www.tcd.ie/tms/t/shp-2/scripts/jquery-ui-1.7.2.custom.min.js
Cached www.tcd.ie/tms/t/shp-2/scripts/jquery-ui-1.7.2.custom.min.js
Cached www.tcd.ie/tms/t/shp-2/scripts/jquery-ui-1.7.2.custom.min.js
Cached www.tcd.ie/tms/t/shp-2/scripts/jquery-ui-1.7.2.custom.min.js
Cached www.tcd.ie/students/assets/img/myszone.jpg
Cached www.tcd.ie/tms/t/shp-2/scripts/jquery-ui-1.7.2.custom.min.js
Cached www.tcd.ie/tms/t/shp-2/scripts/jquery-ui-1.7.2.custom.min.js
Cached www.tcd.ie/tms/t/shp-2/scripts/jquery-ui-1.7.2.custom.min.js
Cached www.tcd.ie/tms/t/shp-2/scripts/jquery-ui-1.7.2.custom.min.js
Cached www.tcd.ie/tms/t/shp-2/scripts/jquery-ui-1.7.2.custom.min.js
Cached www.tcd.ie/tms/t/shp-2/scripts/jquery-ui-1.7.2.custom.min.js
Cached www.tcd.ie/tms/t/shp-2/scripts/jquery-ui-1.7.2.custom.min.js
Cached www.tcd.ie/tms/t/shp-2/scripts/jquery-ui-1.7.2.custom.min.js
Cached www.tcd.ie/tms/t/shp-2/scripts/jquery-ui-1.7.2.custom.min.js
Cached www.tcd.ie/tms/t/shp-2/scripts/jquery-ui-1.7.2.custom.min.js
Cached www.tcd.ie/tms/t/shp-2/scripts/jquery-ui-1.7.2.custom.min.js
Cached www.tcd.ie/tms/t/shp-2/scripts/jquery-ui-1.7.2.custom.min.js
Cached www.tcd.ie/tms/t/shp-2/scripts/jquery-ui-1.7.2.custom.min.js
Cached www.tcd.ie/tms/t/shp-2/scripts/jquery-ui-1.7.2.custom.min.js
Cached www.tcd.ie/tms/t/shp-2/scripts/jquery-ui-1.7.2.custom.min.js
Cached www.tcd.ie/tms/t/shp-2/scripts/jquery-ui-1.7.2.custom.min.js
Cached www.tcd.ie/tms/t/shp-2/scripts/jquery-ui-1.7.2.custom.min.js
Cached www.tcd.ie/tms/t/shp-2/scripts/jquery-ui-1.7.2.custom.min.js
Cached www.tcd.ie/tms/t/shp-2/scripts/jquery-ui-1.7.2.custom.min.js
Cached www.tcd.ie/tms/t/shp-2/scripts/jquery-ui-1.7.2.custom.min.js
Cached www.tcd.ie/tms/t/shp-2/scripts/jquery-ui-1.7.2.custom.min.js
Cached www.tcd.ie/tms/t/shp-2/scripts/jquery-ui-1.7.2.custom.min.js
Cached www.tcd.ie/tms/t/shp-2/scripts/jquery-ui-1.7.2.custom.min.js
Cached www.tcd.ie/tms/t/shp-2/scripts/jquery-ui-1.7.2.custom.min.js
Cached www.tcd.ie/tms/t/shp-2/scripts/jquery-ui-1.7.2.custom.min.js
Cached www.tcd.ie/tms/t/shp-2/scripts/jquery-ui-1.7.2.custom.min.js
Started Request
GET http://www.google-analytics.com/ga.js HTTP/1.1
Checking cached/www.google-analytics.com/ga.js
cached/www.google-analytics.com/ga.js Not Found in cache.
Cached www.tcd.ie/tms/t/shp-2/scripts/jquery-ui-1.7.2.custom.min.js
Cached www.tcd.ie/students/assets/img/myszone.jpg
Cached www.tcd.ie/students/
Cached www.tcd.ie/tms/t/shp-2/scripts/jquery-ui-1.7.2.custom.min.js
Cached www.tcd.ie/students/assets/img/myszone.jpg
Cached www.tcd.ie/students/assets/img/myszone.jpg
Cached www.tcd.ie/students/assets/img/myszone.jpg
Cached www.tcd.ie/students/
Cached www.tcd.ie/students/
Cached www.tcd.ie/students/
Cached www.tcd.ie/students/assets/img/myszone.jpg
Cached www.tcd.ie/students/assets/img/myszone.jpg
Cached www.tcd.ie/students/assets/img/myszone.jpg
Cached www.tcd.ie/students/assets/img/myszone.jpg
Cached www.tcd.ie/students/assets/img/myszone.jpg
Cached www.tcd.ie/students/assets/img/myszone.jpg
Cached www.tcd.ie/students/
Cached www.tcd.ie/students/
Cached www.tcd.ie/students/
Cached www.tcd.ie/students/
Cached www.tcd.ie/students/
Cached www.tcd.ie/students/
Cached www.tcd.ie/students/assets/img/myszone.jpg
Cached www.tcd.ie/students/assets/img/myszone.jpg
Cached www.tcd.ie/students/assets/img/myszone.jpg
Cached www.tcd.ie/students/assets/img/myszone.jpg
Cached www.tcd.ie/students/assets/img/myszone.jpg
Cached www.tcd.ie/students/assets/img/myszone.jpg
Cached www.tcd.ie/students/assets/img/myszone.jpg
Cached www.tcd.ie/students/assets/img/myszone.jpg
Cached www.tcd.ie/students/assets/img/myszone.jpg
Cached www.tcd.ie/students/assets/img/myszone.jpg
Cached www.tcd.ie/students/assets/img/myszone.jpg
Cached www.tcd.ie/students/assets/img/myszone.jpg
Cached www.tcd.ie/students/
Cached www.tcd.ie/students/
Cached www.tcd.ie/students/
Cached www.tcd.ie/students/
Cached www.tcd.ie/students/
Cached www.tcd.ie/students/
Cached www.tcd.ie/students/
Cached www.tcd.ie/students/
Cached www.tcd.ie/students/
Cached www.tcd.ie/students/
Cached www.tcd.ie/students/
Cached www.tcd.ie/students/assets/img/myszone.jpg
Cached www.tcd.ie/students/
Cached www.tcd.ie/students/
Cached www.tcd.ie/students/
Cached www.tcd.ie/students/
Cached www.tcd.ie/students/
Cached www.tcd.ie/students/
Cached www.tcd.ie/students/
Cached www.tcd.ie/students/
Cached www.tcd.ie/students/
Cached www.tcd.ie/students/
Cached www.tcd.ie/students/
Cached www.tcd.ie/students/
Cached www.tcd.ie/students/
Cached www.tcd.ie/students/
Cached www.tcd.ie/students/
Cached www.tcd.ie/students/
Cached www.tcd.ie/students/
Cached www.tcd.ie/students/
Cached www.tcd.ie/students/
Cached www.tcd.ie/students/
Cached www.tcd.ie/students/
Cached www.tcd.ie/students/
Cached www.tcd.ie/students/
Cached www.tcd.ie/students/
Cached www.tcd.ie/students/
Cached www.tcd.ie/students/
Cached www.tcd.ie/students/
Cached www.tcd.ie/students/
Cached www.tcd.ie/students/
Cached www.tcd.ie/students/
Cached www.tcd.ie/students/
Cached www.tcd.ie/students/
Cached www.tcd.ie/students/
Cached www.tcd.ie/students/
Cached www.tcd.ie/students/
Cached www.tcd.ie/students/
Cached www.tcd.ie/students/
Cached www.tcd.ie/students/
Cached www.tcd.ie/students/
Cached www.tcd.ie/students/assets/img/myszone.jpg
Cached www.tcd.ie/students/assets/img/myszone.jpg
Cached www.tcd.ie/students/assets/img/myszone.jpg
Cached www.tcd.ie/students/assets/img/myszone.jpg
Cached www.tcd.ie/students/assets/img/myszone.jpg
Cached www.tcd.ie/students/assets/img/myszone.jpg
Cached www.tcd.ie/students/assets/img/myszone.jpg
Cached www.tcd.ie/students/assets/img/myszone.jpg
Cached www.tcd.ie/students/assets/img/myszone.jpg
Cached www.tcd.ie/students/assets/img/myszone.jpg
Cached www.tcd.ie/students/assets/img/myszone.jpg
Cached www.tcd.ie/students/assets/img/myszone.jpg
Cached www.tcd.ie/students/assets/img/myszone.jpg
Cached www.tcd.ie/students/assets/img/myszone.jpg
Cached www.tcd.ie/students/assets/img/myszone.jpg
Cached www.tcd.ie/students/assets/img/myszone.jpg
Cached www.tcd.ie/students/assets/img/myszone.jpg
Cached www.tcd.ie/students/assets/img/myszone.jpg
Cached www.tcd.ie/students/assets/img/myszone.jpg
Cached www.tcd.ie/students/assets/img/myszone.jpg
Cached www.tcd.ie/students/assets/img/myszone.jpg
Cached www.tcd.ie/students/assets/img/myszone.jpg
Cached www.tcd.ie/students/assets/img/myszone.jpg
Cached www.tcd.ie/students/assets/img/myszone.jpg
Cached www.tcd.ie/students/assets/img/myszone.jpg
Cached www.tcd.ie/students/assets/img/myszone.jpg
Cached www.tcd.ie/students/assets/img/myszone.jpg
Cached www.tcd.ie/students/assets/img/myszone.jpg
Cached www.tcd.ie/students/assets/img/myszone.jpg
Cached www.tcd.ie/students/assets/img/myszone.jpg
Cached www.tcd.ie/students/assets/img/myszone.jpg
Cached www.tcd.ie/students/assets/img/myszone.jpg
Cached www.tcd.ie/students/assets/img/myszone.jpg
Exiting Request
Exiting Request
Exiting Request
Exiting Request
Started Request
Started Request
Started Request
GET http://www.google-analytics.com/ga.js HTTP/1.1
Checking cached/www.google-analytics.com/ga.js
cached/www.google-analytics.com/ga.js Not Found in cache.
Started Request
GET http://www.google.com/reader/api/0/unread-count?output=json HTTP/1.1
Checking cached/www.google.com/reader/api/0/unread-count?output=json
cached/www.google.com/reader/api/0/unread-count?output=json Not Found in cache.
Started Request
CONNECT mail.google.com:443 HTTP/1.1
Not the same
Exiting Request
Started Request
CONNECT mail.google.com:443 HTTP/1.1
Not the same
